This is TeXk, Version 3.14159 (Web2C 7.4.5) (format=latex 2004.1.8)  19 APR 2004 12:02
 %&-line parsing enabled.
**/home/projects/howto/howto/sgml/../mirrored/dvi/Masquerading-Simple-HOWTO-GR.
tex

(/home/projects/howto/howto/sgml/../mirrored/dvi/Masquerading-Simple-HOWTO-GR.t
ex
LaTeX2e <2001/06/01>
Babel <v3.7h> and hyphenation patterns for american, greek, nohyphenation, load
ed.
)
*
(Please type a command or say `\end')
*X

! LaTeX Error: Missing \begin{document}.

See the LaTeX manual or LaTeX Companion for explanation.
Type  H <return>  for immediate help.
 ...                                              
                                                  
<*> X
     
? X
 
Here is how much of TeX's memory you used:
 6 strings out of 10866
 401 string characters out of 71315
 44471 words of memory out of 263001
 3021 multiletter control sequences out of 10000+0
 3640 words of font info for 14 fonts, out of 400000 for 1000
 14 hyphenation exceptions out of 1000
 5i,0n,4p,5b,14s stack positions out of 300i,100n,500p,50000b,4000s
No pages of output.
