This is TeX, Version 3.14159 (Web2C 7.3.7) (format=latex 2003.2.8)  23 APR 2003 22:59
**Multiboot-with-LILO-HOWTO-GR.tex
(./Multiboot-with-LILO-HOWTO-GR.tex
LaTeX2e <2001/06/01>
Babel <v3.7h> and hyphenation patterns for american, french, german, ngerman, n
ohyphenation, loaded.
)
*quit

! LaTeX Error: Missing \begin{document}.

See the LaTeX manual or LaTeX Companion for explanation.
Type  H <return>  for immediate help.
 ...                                              
                                                  
<*> q
     uit
? exit
Type <return> to proceed, S to scroll future error messages,
R to run without stopping, Q to run quietly,
I to insert something, 
1 or ... or 9 to ignore the next 1 to 9 tokens of input,
H for help, X to quit.
? X
 
Here is how much of TeX's memory you used:
 5 strings out of 10847
 259 string characters out of 70947
 44507 words of memory out of 263001
 3034 multiletter control sequences out of 10000+0
 3640 words of font info for 14 fonts, out of 400000 for 1000
 14 hyphenation exceptions out of 1000
 5i,0n,4p,11b,14s stack positions out of 300i,100n,500p,50000b,4000s
No pages of output.
